<?xml version="1.0" encoding="UTF-8"?>
<!-- Generated by org.testng.reporters.JUnitXMLReporter -->
<testsuite ignored="0" hostname="NIRMAL-RAWAT" failures="4" tests="4" name="Default test" time="23.994" errors="0" timestamp="2025-08-25T19:36:19 IST">
  <testcase classname="io.cucumber.testng.AbstractTestNGCucumberTests" name="runScenario" time="9.815">
    <failure type="java.lang.ExceptionInInitializerError">
      <![CDATA[java.lang.ExceptionInInitializerError
at azure.AzureDevOpsService.<init>(AzureDevOpsService.java:13)
at azure.AzureDevOpsRunner.execute(AzureDevOpsRunner.java:23)
at stepDefinitions.Hooks.AfterScenario(Hooks.java:25)
Caused by: java.lang.RuntimeException: AZURE_PAT environment variable is not set
at azure.AzureDevOpsConfig.<clinit>(AzureDevOpsConfig.java:29)
... 3 more
]]>
    </failure>
  </testcase> <!-- runScenario -->
  <testcase classname="io.cucumber.testng.AbstractTestNGCucumberTests" name="runScenario" time="10.096">
    <failure type="java.lang.NoClassDefFoundError" message="Could not initialize class azure.AzureDevOpsConfig">
      <![CDATA[java.lang.NoClassDefFoundError: Could not initialize class azure.AzureDevOpsConfig
at azure.AzureDevOpsService.<init>(AzureDevOpsService.java:13)
at azure.AzureDevOpsRunner.execute(AzureDevOpsRunner.java:23)
at stepDefinitions.Hooks.AfterScenario(Hooks.java:25)
Caused by: java.lang.ExceptionInInitializerError: Exception java.lang.RuntimeException: AZURE_PAT environment variable is not set [in thread "TestNG-PoolService-2"]
at azure.AzureDevOpsConfig.<clinit>(AzureDevOpsConfig.java:29)
... 3 more
]]>
    </failure>
  </testcase> <!-- runScenario -->
  <testcase classname="io.cucumber.testng.AbstractTestNGCucumberTests" name="runScenario" time="17.088">
    <failure type="java.lang.NoClassDefFoundError" message="Could not initialize class azure.AzureDevOpsConfig">
      <![CDATA[java.lang.NoClassDefFoundError: Could not initialize class azure.AzureDevOpsConfig
at azure.AzureDevOpsService.<init>(AzureDevOpsService.java:13)
at azure.AzureDevOpsRunner.execute(AzureDevOpsRunner.java:23)
at stepDefinitions.Hooks.AfterScenario(Hooks.java:25)
Caused by: java.lang.ExceptionInInitializerError: Exception java.lang.RuntimeException: AZURE_PAT environment variable is not set [in thread "TestNG-PoolService-2"]
at azure.AzureDevOpsConfig.<clinit>(AzureDevOpsConfig.java:29)
... 3 more
]]>
    </failure>
  </testcase> <!-- runScenario -->
  <testcase classname="io.cucumber.testng.AbstractTestNGCucumberTests" name="runScenario" time="20.642">
    <failure type="java.lang.NoClassDefFoundError" message="Could not initialize class azure.AzureDevOpsConfig">
      <![CDATA[java.lang.NoClassDefFoundError: Could not initialize class azure.AzureDevOpsConfig
at azure.AzureDevOpsService.<init>(AzureDevOpsService.java:13)
at azure.AzureDevOpsRunner.execute(AzureDevOpsRunner.java:23)
at stepDefinitions.Hooks.AfterScenario(Hooks.java:25)
Caused by: java.lang.ExceptionInInitializerError: Exception java.lang.RuntimeException: AZURE_PAT environment variable is not set [in thread "TestNG-PoolService-2"]
at azure.AzureDevOpsConfig.<clinit>(AzureDevOpsConfig.java:29)
... 3 more
]]>
    </failure>
  </testcase> <!-- runScenario -->
</testsuite> <!-- Default test -->
