<html>
<head>
<title>TestNG:  Default test</title>
<link href="../testng.css" rel="stylesheet" type="text/css" />
<link href="../my-testng.css" rel="stylesheet" type="text/css" />

<style type="text/css">
.log { display: none;} 
.stack-trace { display: none;} 
</style>
<script type="text/javascript">
<!--
function flip(e) {
  current = e.style.display;
  if (current == 'block') {
    e.style.display = 'none';
    return 0;
  }
  else {
    e.style.display = 'block';
    return 1;
  }
}

function toggleBox(szDivId, elem, msg1, msg2)
{
  var res = -1;  if (document.getElementById) {
    res = flip(document.getElementById(szDivId));
  }
  else if (document.all) {
    // this is the way old msie versions work
    res = flip(document.all[szDivId]);
  }
  if(elem) {
    if(res == 0) elem.innerHTML = msg1; else elem.innerHTML = msg2;
  }

}

function toggleAllBoxes() {
  if (document.getElementsByTagName) {
    d = document.getElementsByTagName('div');
    for (i = 0; i < d.length; i++) {
      if (d[i].className == 'log') {
        flip(d[i]);
      }
    }
  }
}

// -->
</script>

</head>
<body>
<h2 align='center'>Default test</h2><table border='1' align="center">
<tr>
<td>Tests passed/Failed/Skipped:</td><td>0/4/0</td>
</tr><tr>
<td>Started on:</td><td>Mon Aug 25 19:35:55 IST 2025</td>
</tr>
<tr><td>Total time:</td><td>23 seconds (23994 ms)</td>
</tr><tr>
<td>Included groups:</td><td></td>
</tr><tr>
<td>Excluded groups:</td><td></td>
</tr>
</table><p/>
<small><i>(Hover the method name to see the test class name)</i></small><p/>
<table width='100%' border='1' class='invocation-failed'>
<tr><td colspan='4' align='center'><b>FAILED TESTS</b></td></tr>
<tr><td><b>Test method</b></td>
<td><b>Attribute(s)</b></td>
<td width="30%"><b>Exception</b></td>
<td width="10%"><b>Time (seconds)</b></td>
<td><b>Instance</b></td>
</tr>
<tr>
<td title='cucumberOptions.TestNGTestRunner.runScenario()'><b>runScenario</b><br>Test class: cucumberOptions.TestNGTestRunner<br>Test method: Runs Cucumber Scenarios<br>Parameters: "Verifying items added on lading page are showing on checkout page", "Add items to cart and verfiy items on checkout page"</td>
<td><div><pre>java.lang.NoClassDefFoundError: Could not initialize class azure.AzureDevOpsConfig
	at azure.AzureDevOpsService.&lt;init&gt;(AzureDevOpsService.java:13)
	at azure.AzureDevOpsRunner.execute(AzureDevOpsRunner.java:23)
	at stepDefinitions.Hooks.AfterScenario(Hooks.java:25)
Caused by: java.lang.ExceptionInInitializerError: Exception java.lang.RuntimeException: AZURE_PAT environment variable is not set [in thread &quot;TestNG-PoolService-2&quot;]
	at azure.AzureDevOpsConfig.&lt;clinit&gt;(AzureDevOpsConfig.java:29)
	... 3 more
</pre></div><a href='#' onClick='toggleBox("stack-trace981166142", this, "Click to show all stack frames", "Click to hide stack frames")'>Click to show all stack frames</a>
<div class='stack-trace' id='stack-trace981166142'><pre>java.lang.NoClassDefFoundError: Could not initialize class azure.AzureDevOpsConfig
	at azure.AzureDevOpsService.&lt;init&gt;(AzureDevOpsService.java:13)
	at azure.AzureDevOpsRunner.execute(AzureDevOpsRunner.java:23)
	at stepDefinitions.Hooks.AfterScenario(Hooks.java:25)
Caused by: java.lang.ExceptionInInitializerError: Exception java.lang.RuntimeException: AZURE_PAT environment variable is not set [in thread &quot;TestNG-PoolService-2&quot;]
	at azure.AzureDevOpsConfig.&lt;clinit&gt;(AzureDevOpsConfig.java:29)
	... 3 more
</pre></div></td>
<td>20</td>
<td>cucumberOptions.TestNGTestRunner@ed7f8b4</td></tr>
<tr>
<td title='cucumberOptions.TestNGTestRunner.runScenario()'><b>runScenario</b><br>Test class: cucumberOptions.TestNGTestRunner<br>Test method: Runs Cucumber Scenarios<br>Parameters: "Correct Footer text Shown on Homepage", "Homepage Looks and Feel"</td>
<td><div><pre>java.lang.ExceptionInInitializerError
	at azure.AzureDevOpsService.&lt;init&gt;(AzureDevOpsService.java:13)
	at azure.AzureDevOpsRunner.execute(AzureDevOpsRunner.java:23)
	at stepDefinitions.Hooks.AfterScenario(Hooks.java:25)
Caused by: java.lang.RuntimeException: AZURE_PAT environment variable is not set
	at azure.AzureDevOpsConfig.&lt;clinit&gt;(AzureDevOpsConfig.java:29)
	... 3 more
</pre></div><a href='#' onClick='toggleBox("stack-trace721405833", this, "Click to show all stack frames", "Click to hide stack frames")'>Click to show all stack frames</a>
<div class='stack-trace' id='stack-trace721405833'><pre>java.lang.ExceptionInInitializerError
	at azure.AzureDevOpsService.&lt;init&gt;(AzureDevOpsService.java:13)
	at azure.AzureDevOpsRunner.execute(AzureDevOpsRunner.java:23)
	at stepDefinitions.Hooks.AfterScenario(Hooks.java:25)
Caused by: java.lang.RuntimeException: AZURE_PAT environment variable is not set
	at azure.AzureDevOpsConfig.&lt;clinit&gt;(AzureDevOpsConfig.java:29)
	... 3 more
</pre></div></td>
<td>9</td>
<td>cucumberOptions.TestNGTestRunner@ed7f8b4</td></tr>
<tr>
<td title='cucumberOptions.TestNGTestRunner.runScenario()'><b>runScenario</b><br>Test class: cucumberOptions.TestNGTestRunner<br>Test method: Runs Cucumber Scenarios<br>Parameters: "Search experience for product search in both home and Offer Page", "Search and Place the order for Products"</td>
<td><div><pre>java.lang.NoClassDefFoundError: Could not initialize class azure.AzureDevOpsConfig
	at azure.AzureDevOpsService.&lt;init&gt;(AzureDevOpsService.java:13)
	at azure.AzureDevOpsRunner.execute(AzureDevOpsRunner.java:23)
	at stepDefinitions.Hooks.AfterScenario(Hooks.java:25)
Caused by: java.lang.ExceptionInInitializerError: Exception java.lang.RuntimeException: AZURE_PAT environment variable is not set [in thread &quot;TestNG-PoolService-2&quot;]
	at azure.AzureDevOpsConfig.&lt;clinit&gt;(AzureDevOpsConfig.java:29)
	... 3 more
</pre></div><a href='#' onClick='toggleBox("stack-trace1010639146", this, "Click to show all stack frames", "Click to hide stack frames")'>Click to show all stack frames</a>
<div class='stack-trace' id='stack-trace1010639146'><pre>java.lang.NoClassDefFoundError: Could not initialize class azure.AzureDevOpsConfig
	at azure.AzureDevOpsService.&lt;init&gt;(AzureDevOpsService.java:13)
	at azure.AzureDevOpsRunner.execute(AzureDevOpsRunner.java:23)
	at stepDefinitions.Hooks.AfterScenario(Hooks.java:25)
Caused by: java.lang.ExceptionInInitializerError: Exception java.lang.RuntimeException: AZURE_PAT environment variable is not set [in thread &quot;TestNG-PoolService-2&quot;]
	at azure.AzureDevOpsConfig.&lt;clinit&gt;(AzureDevOpsConfig.java:29)
	... 3 more
</pre></div></td>
<td>17</td>
<td>cucumberOptions.TestNGTestRunner@ed7f8b4</td></tr>
<tr>
<td title='cucumberOptions.TestNGTestRunner.runScenario()'><b>runScenario</b><br>Test class: cucumberOptions.TestNGTestRunner<br>Test method: Runs Cucumber Scenarios<br>Parameters: "Top Deals and Flight Booking Links Shown on Homepage", "Homepage Looks and Feel"</td>
<td><div><pre>java.lang.NoClassDefFoundError: Could not initialize class azure.AzureDevOpsConfig
	at azure.AzureDevOpsService.&lt;init&gt;(AzureDevOpsService.java:13)
	at azure.AzureDevOpsRunner.execute(AzureDevOpsRunner.java:23)
	at stepDefinitions.Hooks.AfterScenario(Hooks.java:25)
Caused by: java.lang.ExceptionInInitializerError: Exception java.lang.RuntimeException: AZURE_PAT environment variable is not set [in thread &quot;TestNG-PoolService-2&quot;]
	at azure.AzureDevOpsConfig.&lt;clinit&gt;(AzureDevOpsConfig.java:29)
	... 3 more
</pre></div><a href='#' onClick='toggleBox("stack-trace1702671956", this, "Click to show all stack frames", "Click to hide stack frames")'>Click to show all stack frames</a>
<div class='stack-trace' id='stack-trace1702671956'><pre>java.lang.NoClassDefFoundError: Could not initialize class azure.AzureDevOpsConfig
	at azure.AzureDevOpsService.&lt;init&gt;(AzureDevOpsService.java:13)
	at azure.AzureDevOpsRunner.execute(AzureDevOpsRunner.java:23)
	at stepDefinitions.Hooks.AfterScenario(Hooks.java:25)
Caused by: java.lang.ExceptionInInitializerError: Exception java.lang.RuntimeException: AZURE_PAT environment variable is not set [in thread &quot;TestNG-PoolService-2&quot;]
	at azure.AzureDevOpsConfig.&lt;clinit&gt;(AzureDevOpsConfig.java:29)
	... 3 more
</pre></div></td>
<td>10</td>
<td>cucumberOptions.TestNGTestRunner@ed7f8b4</td></tr>
</table><p>
</body>
</html>