<?xml version="1.0" encoding="UTF-8"?>
<testng-results ignored="0" total="4" passed="0" failed="4" skipped="0">
  <reporter-output>
  </reporter-output>
  <suite started-at="2025-08-25T19:35:55 IST" name="Default suite" finished-at="2025-08-25T19:36:19 IST" duration-ms="23994">
    <groups>
      <group name="cucumber">
        <method signature="AbstractTestNGCucumberTests.runScenario(io.cucumber.testng.PickleWrapper,io.cucumber.testng.FeatureWrapper)[pri:0, instance:cucumberOptions.TestNGTestRunner@ed7f8b4]" name="runScenario" class="io.cucumber.testng.AbstractTestNGCucumberTests"/>
      </group> <!-- cucumber -->
    </groups>
    <test started-at="2025-08-25T19:35:55 IST" name="Default test" finished-at="2025-08-25T19:36:19 IST" duration-ms="23994">
      <class name="cucumberOptions.TestNGTestRunner">
        <test-method is-config="true" signature="setUpClass(org.testng.ITestContext)[pri:0, instance:cucumberOptions.TestNGTestRunner@ed7f8b4]" started-at="2025-08-25T19:35:55 IST" name="setUpClass" finished-at="2025-08-25T19:35:56 IST" duration-ms="1697" status="PASS">
          <params>
            <param index="0">
              <value>
                <![CDATA[org.testng.TestRunner@5c9ac4cc]]>
              </value>
            </param>
          </params>
          <reporter-output>
          </reporter-output>
        </test-method> <!-- setUpClass -->
        <test-method signature="runScenario(io.cucumber.testng.PickleWrapper,io.cucumber.testng.FeatureWrapper)[pri:0, instance:cucumberOptions.TestNGTestRunner@ed7f8b4]" started-at="2025-08-25T19:35:56 IST" name="runScenario" description="Runs Cucumber Scenarios" data-provider="scenarios" finished-at="2025-08-25T19:36:17 IST" duration-ms="20642" status="FAIL">
          <params>
            <param index="0">
              <value>
                <![CDATA["Verifying items added on lading page are showing on checkout page"]]>
              </value>
            </param>
            <param index="1">
              <value>
                <![CDATA["Add items to cart and verfiy items on checkout page"]]>
              </value>
            </param>
          </params>
          <exception class="java.lang.NoClassDefFoundError">
            <message>
              <![CDATA[Could not initialize class azure.AzureDevOpsConfig]]>
            </message>
            <full-stacktrace>
              <![CDATA[java.lang.NoClassDefFoundError: Could not initialize class azure.AzureDevOpsConfig
at azure.AzureDevOpsService.<init>(AzureDevOpsService.java:13)
at azure.AzureDevOpsRunner.execute(AzureDevOpsRunner.java:23)
at stepDefinitions.Hooks.AfterScenario(Hooks.java:25)
Caused by: java.lang.ExceptionInInitializerError: Exception java.lang.RuntimeException: AZURE_PAT environment variable is not set [in thread "TestNG-PoolService-2"]
at azure.AzureDevOpsConfig.<clinit>(AzureDevOpsConfig.java:29)
... 3 more
]]>
            </full-stacktrace>
          </exception> <!-- java.lang.NoClassDefFoundError -->
          <reporter-output>
          </reporter-output>
        </test-method> <!-- runScenario -->
        <test-method signature="runScenario(io.cucumber.testng.PickleWrapper,io.cucumber.testng.FeatureWrapper)[pri:0, instance:cucumberOptions.TestNGTestRunner@ed7f8b4]" started-at="2025-08-25T19:35:56 IST" name="runScenario" description="Runs Cucumber Scenarios" data-provider="scenarios" finished-at="2025-08-25T19:36:06 IST" duration-ms="9815" status="FAIL">
          <params>
            <param index="0">
              <value>
                <![CDATA["Correct Footer text Shown on Homepage"]]>
              </value>
            </param>
            <param index="1">
              <value>
                <![CDATA["Homepage Looks and Feel"]]>
              </value>
            </param>
          </params>
          <exception class="java.lang.ExceptionInInitializerError">
            <full-stacktrace>
              <![CDATA[java.lang.ExceptionInInitializerError
at azure.AzureDevOpsService.<init>(AzureDevOpsService.java:13)
at azure.AzureDevOpsRunner.execute(AzureDevOpsRunner.java:23)
at stepDefinitions.Hooks.AfterScenario(Hooks.java:25)
Caused by: java.lang.RuntimeException: AZURE_PAT environment variable is not set
at azure.AzureDevOpsConfig.<clinit>(AzureDevOpsConfig.java:29)
... 3 more
]]>
            </full-stacktrace>
          </exception> <!-- java.lang.ExceptionInInitializerError -->
          <reporter-output>
          </reporter-output>
        </test-method> <!-- runScenario -->
        <test-method signature="runScenario(io.cucumber.testng.PickleWrapper,io.cucumber.testng.FeatureWrapper)[pri:0, instance:cucumberOptions.TestNGTestRunner@ed7f8b4]" started-at="2025-08-25T19:35:56 IST" name="runScenario" description="Runs Cucumber Scenarios" data-provider="scenarios" finished-at="2025-08-25T19:36:13 IST" duration-ms="17088" status="FAIL">
          <params>
            <param index="0">
              <value>
                <![CDATA["Search experience for product search in both home and Offer Page"]]>
              </value>
            </param>
            <param index="1">
              <value>
                <![CDATA["Search and Place the order for Products"]]>
              </value>
            </param>
          </params>
          <exception class="java.lang.NoClassDefFoundError">
            <message>
              <![CDATA[Could not initialize class azure.AzureDevOpsConfig]]>
            </message>
            <full-stacktrace>
              <![CDATA[java.lang.NoClassDefFoundError: Could not initialize class azure.AzureDevOpsConfig
at azure.AzureDevOpsService.<init>(AzureDevOpsService.java:13)
at azure.AzureDevOpsRunner.execute(AzureDevOpsRunner.java:23)
at stepDefinitions.Hooks.AfterScenario(Hooks.java:25)
Caused by: java.lang.ExceptionInInitializerError: Exception java.lang.RuntimeException: AZURE_PAT environment variable is not set [in thread "TestNG-PoolService-2"]
at azure.AzureDevOpsConfig.<clinit>(AzureDevOpsConfig.java:29)
... 3 more
]]>
            </full-stacktrace>
          </exception> <!-- java.lang.NoClassDefFoundError -->
          <reporter-output>
          </reporter-output>
        </test-method> <!-- runScenario -->
        <test-method signature="runScenario(io.cucumber.testng.PickleWrapper,io.cucumber.testng.FeatureWrapper)[pri:0, instance:cucumberOptions.TestNGTestRunner@ed7f8b4]" started-at="2025-08-25T19:35:56 IST" name="runScenario" description="Runs Cucumber Scenarios" data-provider="scenarios" finished-at="2025-08-25T19:36:06 IST" duration-ms="10096" status="FAIL">
          <params>
            <param index="0">
              <value>
                <![CDATA["Top Deals and Flight Booking Links Shown on Homepage"]]>
              </value>
            </param>
            <param index="1">
              <value>
                <![CDATA["Homepage Looks and Feel"]]>
              </value>
            </param>
          </params>
          <exception class="java.lang.NoClassDefFoundError">
            <message>
              <![CDATA[Could not initialize class azure.AzureDevOpsConfig]]>
            </message>
            <full-stacktrace>
              <![CDATA[java.lang.NoClassDefFoundError: Could not initialize class azure.AzureDevOpsConfig
at azure.AzureDevOpsService.<init>(AzureDevOpsService.java:13)
at azure.AzureDevOpsRunner.execute(AzureDevOpsRunner.java:23)
at stepDefinitions.Hooks.AfterScenario(Hooks.java:25)
Caused by: java.lang.ExceptionInInitializerError: Exception java.lang.RuntimeException: AZURE_PAT environment variable is not set [in thread "TestNG-PoolService-2"]
at azure.AzureDevOpsConfig.<clinit>(AzureDevOpsConfig.java:29)
... 3 more
]]>
            </full-stacktrace>
          </exception> <!-- java.lang.NoClassDefFoundError -->
          <reporter-output>
          </reporter-output>
        </test-method> <!-- runScenario -->
        <test-method is-config="true" signature="tearDownClass()[pri:0, instance:cucumberOptions.TestNGTestRunner@ed7f8b4]" started-at="2025-08-25T19:36:17 IST" name="tearDownClass" finished-at="2025-08-25T19:36:19 IST" duration-ms="1542" status="PASS">
          <reporter-output>
          </reporter-output>
        </test-method> <!-- tearDownClass -->
      </class> <!-- cucumberOptions.TestNGTestRunner -->
    </test> <!-- Default test -->
  </suite> <!-- Default suite -->
</testng-results>
