<?xml version="1.0" encoding="UTF-8"?>
<!-- Generated by org.testng.reporters.JUnitReportReporter -->
<testsuite hostname="NIRMAL-RAWAT" failures="0" tests="4" name="cucumberOptions.TestNGTestRunner" time="57.641" errors="4" timestamp="2025-08-25T19:36:19 IST" skipped="0">
  <testcase classname="cucumberOptions.TestNGTestRunner" name="runScenario" time="20.642">
    <error message="Could not initialize class azure.AzureDevOpsConfig" type="java.lang.NoClassDefFoundError">
      <![CDATA[java.lang.NoClassDefFoundError: Could not initialize class azure.AzureDevOpsConfig
at azure.AzureDevOpsService.<init>(AzureDevOpsService.java:13)
at azure.AzureDevOpsRunner.execute(AzureDevOpsRunner.java:23)
at stepDefinitions.Hooks.AfterScenario(Hooks.java:25)
Caused by: java.lang.ExceptionInInitializerError: Exception java.lang.RuntimeException: AZURE_PAT environment variable is not set [in thread "TestNG-PoolService-2"]
at azure.AzureDevOpsConfig.<clinit>(AzureDevOpsConfig.java:29)
... 3 more
]]>
    </error>
  </testcase> <!-- runScenario -->
  <testcase classname="cucumberOptions.TestNGTestRunner" name="runScenario" time="9.815">
    <error type="java.lang.ExceptionInInitializerError">
      <![CDATA[java.lang.ExceptionInInitializerError
at azure.AzureDevOpsService.<init>(AzureDevOpsService.java:13)
at azure.AzureDevOpsRunner.execute(AzureDevOpsRunner.java:23)
at stepDefinitions.Hooks.AfterScenario(Hooks.java:25)
Caused by: java.lang.RuntimeException: AZURE_PAT environment variable is not set
at azure.AzureDevOpsConfig.<clinit>(AzureDevOpsConfig.java:29)
... 3 more
]]>
    </error>
  </testcase> <!-- runScenario -->
  <testcase classname="cucumberOptions.TestNGTestRunner" name="runScenario" time="17.088">
    <error message="Could not initialize class azure.AzureDevOpsConfig" type="java.lang.NoClassDefFoundError">
      <![CDATA[java.lang.NoClassDefFoundError: Could not initialize class azure.AzureDevOpsConfig
at azure.AzureDevOpsService.<init>(AzureDevOpsService.java:13)
at azure.AzureDevOpsRunner.execute(AzureDevOpsRunner.java:23)
at stepDefinitions.Hooks.AfterScenario(Hooks.java:25)
Caused by: java.lang.ExceptionInInitializerError: Exception java.lang.RuntimeException: AZURE_PAT environment variable is not set [in thread "TestNG-PoolService-2"]
at azure.AzureDevOpsConfig.<clinit>(AzureDevOpsConfig.java:29)
... 3 more
]]>
    </error>
  </testcase> <!-- runScenario -->
  <testcase classname="cucumberOptions.TestNGTestRunner" name="runScenario" time="10.096">
    <error message="Could not initialize class azure.AzureDevOpsConfig" type="java.lang.NoClassDefFoundError">
      <![CDATA[java.lang.NoClassDefFoundError: Could not initialize class azure.AzureDevOpsConfig
at azure.AzureDevOpsService.<init>(AzureDevOpsService.java:13)
at azure.AzureDevOpsRunner.execute(AzureDevOpsRunner.java:23)
at stepDefinitions.Hooks.AfterScenario(Hooks.java:25)
Caused by: java.lang.ExceptionInInitializerError: Exception java.lang.RuntimeException: AZURE_PAT environment variable is not set [in thread "TestNG-PoolService-2"]
at azure.AzureDevOpsConfig.<clinit>(AzureDevOpsConfig.java:29)
... 3 more
]]>
    </error>
  </testcase> <!-- runScenario -->
</testsuite> <!-- cucumberOptions.TestNGTestRunner -->
